<?xml version="1.0" encoding="UTF-8"?>
<!-- Generated by org.testng.reporters.JUnitReportReporter -->
<testsuite skipped="0" hostname="localhost" name="com.tsing.getMethod" tests="2" failures="0" timestamp="06 Jun 2019 06:51:31 GMT" time="0.745" errors="0">
  <testcase name="getCookieTest" time="0.709" classname="com.tsing.getMethod"/>
  <testcase name="getWithCookie" time="0.036" classname="com.tsing.getMethod"/>
</testsuite> <!-- com.tsing.getMethod -->
