<?xml version="1.0" encoding="UTF-8"?>
<!-- Generated by org.testng.reporters.JUnitReportReporter -->
<testsuite skipped="0" hostname="localhost" name="com.tsing.postMethod" tests="1" failures="0" timestamp="06 Jun 2019 06:51:31 GMT" time="0.117" errors="0">
  <testcase name="postWithParam" time="0.117" classname="com.tsing.postMethod"/>
</testsuite> <!-- com.tsing.postMethod -->
